[236月2026 12:57:28.971] [main/INFO] [cpw.mods.modlauncher.Launcher/MODLAUNCHER]: ModLauncher running: args [--launchTarget, forgeclientdev, --version, 21.1.190, --assetIndex, 17, --assetsDir, C:\\Users\\12501\\.gradle\\caches\\neoformruntime\\assets, --gameDir, ., --fml.fmlVersion, 4.0.41, --fml.mcVersion, 1.21.1, --fml.neoForgeVersion, 21.1.190, --fml.neoFormVersion, 20240808.144430]
[236月2026 12:57:28.973] [main/INFO] [cpw.mods.modlauncher.Launcher/MODLAUNCHER]: JVM identified as Microsoft OpenJDK 64-Bit Server VM 21.0.10+7-LTS
[236月2026 12:57:28.974] [main/INFO] [cpw.mods.modlauncher.Launcher/MODLAUNCHER]: ModLauncher 11.0.5+main.901c6ea8 starting: java version 21.0.10 by Microsoft; OS Windows 11 arch amd64 version 10.0
[236月2026 12:57:29.056] [main/INFO] [net.neoforged.fml.loading.ImmediateWindowHandler/]: Loading ImmediateWindowProvider fmlearlywindow
[236月2026 12:57:29.131] [main/INFO] [EARLYDISPLAY/]: Trying GL version 4.6
[236月2026 12:57:29.231] [main/INFO] [EARLYDISPLAY/]: Requested GL version 4.6 got version 4.6
[236月2026 12:57:29.323] [main/INFO] [mixin/]: SpongePowered MIXIN Subsystem Version=0.8.7 Source=union:/C:/Users/12501/.gradle/caches/modules-2/files-2.1/net.fabricmc/sponge-mixin/0.15.2+mixin.0.8.7/2af2f021d8e02a0220dc27a7a72b4666d66d44ca/sponge-mixin-0.15.2+mixin.0.8.7.jar%23138!/ Service=ModLauncher Env=CLIENT
[236月2026 12:57:29.400] [pool-2-thread-1/INFO] [EARLYDISPLAY/]: GL info: AMD Radeon RX 7900 XT GL version 4.6.0 Core Profile Context 26.2.2.260209, ATI Technologies Inc.
[236月2026 12:57:29.720] [main/INFO] [net.neoforged.fml.loading.moddiscovery.locators.JarInJarDependencyLocator/]: Found 2 dependencies adding them to mods collection
[236月2026 12:57:29.721] [main/INFO] [net.neoforged.fml.loading.moddiscovery.ModDiscoverer/]: 
     Mod List:
		Name Version (Mod Id)

		Data Recipe Generator 1.0.0 (data_recipe_generator)
		Minecraft 1.21.1 (minecraft)
		NeoForge 21.1.190 (neoforge)
[236月2026 12:57:30.403] [main/INFO] [mixin/]: Compatibility level set to JAVA_21
[236月2026 12:57:30.410] [main/INFO] [cpw.mods.modlauncher.LaunchServiceHandler/MODLAUNCHER]: Launching target 'forgeclientdev' with arguments [--version, 21.1.190, --gameDir, ., --assetsDir, C:\Users\12501\.gradle\caches\neoformruntime\assets, --assetIndex, 17]
[236月2026 12:57:31.506] [Datafixer Bootstrap/INFO] [com.mojang.datafixers.DataFixerBuilder/]: 229 Datafixer optimizations took 142 milliseconds
[236月2026 12:57:31.820] [main/WARN] [oshi.driver.windows.perfmon.PerfmonDisabled/]: Invalid registry value type detected for PerfOS counters. Should be REG_DWORD. Ignoring: HKEY_LOCAL_MACHINE\SYSTEM\CurrentControlSet\Services\PerfOS\Performance\Disable Performance Counters.
[236月2026 12:57:31.846] [pool-7-thread-1/INFO] [MixinExtras|Service/]: Initializing MixinExtras via com.llamalad7.mixinextras.service.MixinExtrasServiceImpl(version=0.4.1).
[236月2026 12:57:35.292] [main/WARN] [net.minecraft.commands.Commands/]: Ambiguity between arguments [teleport, location] and [teleport, destination] with inputs: [0.1 -0.5 .9, 0 0 0]
[236月2026 12:57:35.293] [main/WARN] [net.minecraft.commands.Commands/]: Ambiguity between arguments [teleport, location] and [teleport, targets] with inputs: [0.1 -0.5 .9, 0 0 0]
[236月2026 12:57:35.295] [main/WARN] [net.minecraft.commands.Commands/]: Ambiguity between arguments [teleport, destination] and [teleport, targets] with inputs: [Player, 0123, @e, dd12be42-52a9-4a91-a8a1-11c01849e498]
[236月2026 12:57:35.296] [main/WARN] [net.minecraft.commands.Commands/]: Ambiguity between arguments [teleport, targets] and [teleport, destination] with inputs: [Player, 0123, dd12be42-52a9-4a91-a8a1-11c01849e498]
[236月2026 12:57:35.296] [main/WARN] [net.minecraft.commands.Commands/]: Ambiguity between arguments [teleport, targets, location] and [teleport, targets, destination] with inputs: [0.1 -0.5 .9, 0 0 0]
[236月2026 12:57:35.378] [Render thread/WARN] [net.minecraft.server.packs.VanillaPackResourcesBuilder/]: Assets URL 'union:/C:/Users/12501/MCreatorWorkspaces/data_recipe_generator/build/moddev/artifacts/neoforge-21.1.190.jar%23189!/assets/.mcassetsroot' uses unexpected schema
[236月2026 12:57:35.379] [Render thread/WARN] [net.minecraft.server.packs.VanillaPackResourcesBuilder/]: Assets URL 'union:/C:/Users/12501/MCreatorWorkspaces/data_recipe_generator/build/moddev/artifacts/neoforge-21.1.190.jar%23189!/data/.mcassetsroot' uses unexpected schema
[236月2026 12:57:35.398] [Render thread/INFO] [com.mojang.authlib.yggdrasil.YggdrasilAuthenticationService/]: Environment: Environment[sessionHost=https://sessionserver.mojang.com, servicesHost=https://api.minecraftservices.com, name=PROD]
[236月2026 12:57:35.406] [Render thread/INFO] [net.minecraft.client.Minecraft/]: Setting user: Dev
[236月2026 12:57:35.478] [Render thread/INFO] [net.minecraft.client.Minecraft/]: Backend library: LWJGL version 3.3.3+5
[236月2026 12:57:35.658] [modloading-worker-0/INFO] [net.neoforged.neoforge.common.NeoForgeMod/NEOFORGE-MOD]: NeoForge mod loading, version 21.1.190, for MC 1.21.1
[236月2026 12:57:36.230] [Render thread/INFO] [net.neoforged.neoforge.gametest.GameTestHooks/]: Enabled Gametest Namespaces: []
[236月2026 12:57:36.321] [Render thread/INFO] [net.minecraft.server.packs.resources.ReloadableResourceManager/]: Reloading ResourceManager: vanilla, mod_resources, mod/neoforge, mod/data_recipe_generator
[236月2026 12:57:36.432] [Worker-Main-13/INFO] [net.minecraft.client.gui.font.providers.UnihexProvider/]: Found unifont_all_no_pua-15.1.05.hex, loading
[236月2026 12:57:36.468] [Worker-Main-9/INFO] [net.minecraft.client.gui.font.providers.UnihexProvider/]: Found unifont_jp_patch-15.1.05.hex, loading
[236月2026 12:57:37.392] [Render thread/WARN] [net.minecraft.client.sounds.SoundEngine/]: Missing sound for event: minecraft:item.goat_horn.play
[236月2026 12:57:37.392] [Render thread/WARN] [net.minecraft.client.sounds.SoundEngine/]: Missing sound for event: minecraft:entity.goat.screaming.horn_break
[236月2026 12:57:37.438] [Render thread/INFO] [com.mojang.blaze3d.audio.Library/]: OpenAL initialized on device OpenAL Soft on 扬声器 (2- ToDesk Virtual Audio)
[236月2026 12:57:37.438] [Render thread/INFO] [net.minecraft.client.sounds.SoundEngine/SOUNDS]: Sound engine started
[236月2026 12:57:37.504] [Render thread/INFO] [net.minecraft.client.renderer.texture.TextureAtlas/]: Created: 1024x512x2 minecraft:textures/atlas/blocks.png-atlas
[236月2026 12:57:37.511] [Render thread/INFO] [net.minecraft.client.renderer.texture.TextureAtlas/]: Created: 256x256x2 minecraft:textures/atlas/signs.png-atlas
[236月2026 12:57:37.511] [Render thread/INFO] [net.minecraft.client.renderer.texture.TextureAtlas/]: Created: 512x512x2 minecraft:textures/atlas/banner_patterns.png-atlas
[236月2026 12:57:37.511] [Render thread/INFO] [net.minecraft.client.renderer.texture.TextureAtlas/]: Created: 512x512x2 minecraft:textures/atlas/shield_patterns.png-atlas
[236月2026 12:57:37.511] [Render thread/INFO] [net.minecraft.client.renderer.texture.TextureAtlas/]: Created: 1024x1024x2 minecraft:textures/atlas/armor_trims.png-atlas
[236月2026 12:57:37.515] [Render thread/INFO] [net.minecraft.client.renderer.texture.TextureAtlas/]: Created: 256x256x2 minecraft:textures/atlas/chest.png-atlas
[236月2026 12:57:37.515] [Render thread/INFO] [net.minecraft.client.renderer.texture.TextureAtlas/]: Created: 128x64x2 minecraft:textures/atlas/decorated_pot.png-atlas
[236月2026 12:57:37.515] [Render thread/INFO] [net.minecraft.client.renderer.texture.TextureAtlas/]: Created: 512x256x2 minecraft:textures/atlas/beds.png-atlas
[236月2026 12:57:37.515] [Render thread/INFO] [net.minecraft.client.renderer.texture.TextureAtlas/]: Created: 512x256x2 minecraft:textures/atlas/shulker_boxes.png-atlas
[236月2026 12:57:37.673] [Render thread/INFO] [net.minecraft.client.renderer.texture.TextureAtlas/]: Created: 512x256x0 minecraft:textures/atlas/particles.png-atlas
[236月2026 12:57:37.673] [Render thread/INFO] [net.minecraft.client.renderer.texture.TextureAtlas/]: Created: 512x256x0 minecraft:textures/atlas/paintings.png-atlas
[236月2026 12:57:37.673] [Render thread/INFO] [net.minecraft.client.renderer.texture.TextureAtlas/]: Created: 256x128x0 minecraft:textures/atlas/mob_effects.png-atlas
[236月2026 12:57:37.673] [Render thread/INFO] [net.minecraft.client.renderer.texture.TextureAtlas/]: Created: 64x64x0 minecraft:textures/atlas/map_decorations.png-atlas
[236月2026 12:57:37.673] [Render thread/INFO] [net.minecraft.client.renderer.texture.TextureAtlas/]: Created: 1024x512x0 minecraft:textures/atlas/gui.png-atlas
[236月2026 12:57:37.706] [Render thread/WARN] [net.minecraft.client.renderer.ShaderInstance/]: Shader rendertype_entity_translucent_emissive could not find sampler named Sampler2 in the specified shader program.
[236月2026 12:57:37.745] [Render thread/INFO] [net.neoforged.neoforge.client.entity.animation.json.AnimationLoader/]: Loaded 0 entity animations
[236月2026 12:57:41.723] [Render thread/INFO] [net.minecraft.world.item.crafting.RecipeManager/]: Loaded 1290 recipes
[236月2026 12:57:41.793] [Render thread/INFO] [net.minecraft.advancements.AdvancementTree/]: Loaded 1399 advancements
[236月2026 12:57:42.041] [Server thread/INFO] [net.minecraft.client.server.IntegratedServer/]: Starting integrated minecraft server version 1.21.1
[236月2026 12:57:42.042] [Server thread/INFO] [net.minecraft.server.MinecraftServer/]: Generating keypair
[236月2026 12:57:42.607] [Server thread/INFO] [net.minecraft.server.MinecraftServer/]: Preparing start region for dimension minecraft:overworld
[236月2026 12:57:42.765] [progressListener/INFO] [net.minecraft.server.level.progress.LoggerChunkProgressListener/]: 准备生成区域中：0%
[236月2026 12:57:42.846] [Server thread/INFO] [net.neoforged.neoforge.server.permission.PermissionAPI/]: Successfully initialized permission handler neoforge:default_handler
[236月2026 12:57:42.856] [progressListener/INFO] [net.minecraft.server.level.progress.LoggerChunkProgressListener/]: Time elapsed: 246 ms
[236月2026 12:57:42.896] [Server thread/INFO] [net.minecraft.client.server.IntegratedServer/]: Changing view distance to 5, from 10
[236月2026 12:57:42.896] [Server thread/INFO] [net.minecraft.client.server.IntegratedServer/]: Changing simulation distance to 12, from 0
[236月2026 12:57:43.436] [Server thread/INFO] [net.minecraft.server.players.PlayerList/]: Dev[local:E:77427e3a] logged in with entity id 49 at (-85.82589181519829, 67.0, -81.01001344869421)
[236月2026 12:57:43.490] [Server thread/INFO] [net.minecraft.server.MinecraftServer/]: Dev加入了游戏
[236月2026 12:57:43.636] [Render thread/INFO] [net.minecraft.advancements.AdvancementTree/]: Loaded 5 advancements
[236月2026 12:57:59.348] [Server thread/INFO] [net.minecraft.client.server.IntegratedServer/]: Saving and pausing game...
[236月2026 12:57:59.366] [Server thread/INFO] [net.minecraft.server.MinecraftServer/]: Saving chunks for level 'ServerLevel[新的世界]'/minecraft:overworld
[236月2026 12:57:59.373] [Server thread/INFO] [net.minecraft.server.MinecraftServer/]: Saving chunks for level 'ServerLevel[新的世界]'/minecraft:the_end
[236月2026 12:57:59.373] [Server thread/INFO] [net.minecraft.server.MinecraftServer/]: Saving chunks for level 'ServerLevel[新的世界]'/minecraft:the_nether
[236月2026 12:58:04.543] [Server thread/INFO] [net.lyingice.datarecipegenerator.DataRecipeGeneratorMod/]: Recipe generated: .\data_recipe_generator_output\custom\recipes\turtle_helmet.json
[236月2026 12:58:04.546] [Render thread/INFO] [net.minecraft.client.gui.components.ChatComponent/]: [System] [CHAT] 配方已生成: .\data_recipe_generator_output\custom\recipes\turtle_helmet.json
[236月2026 12:59:17.248] [Server thread/INFO] [net.minecraft.client.server.IntegratedServer/]: Saving and pausing game...
[236月2026 12:59:17.261] [Server thread/INFO] [net.minecraft.server.MinecraftServer/]: Saving chunks for level 'ServerLevel[新的世界]'/minecraft:overworld
[236月2026 12:59:17.266] [Server thread/INFO] [net.minecraft.server.MinecraftServer/]: Saving chunks for level 'ServerLevel[新的世界]'/minecraft:the_end
[236月2026 12:59:17.267] [Server thread/INFO] [net.minecraft.server.MinecraftServer/]: Saving chunks for level 'ServerLevel[新的世界]'/minecraft:the_nether
[236月2026 12:59:28.853] [Server thread/INFO] [net.lyingice.datarecipegenerator.DataRecipeGeneratorMod/]: Recipe generated: .\data_recipe_generator_output\custom\recipes\crafting_table.json
[236月2026 12:59:28.853] [Render thread/INFO] [net.minecraft.client.gui.components.ChatComponent/]: [System] [CHAT] 配方已生成: .\data_recipe_generator_output\custom\recipes\crafting_table.json
[236月2026 12:59:35.913] [Server thread/INFO] [net.minecraft.server.MinecraftServer/]: Dev取得了进度[钻石护体]
[236月2026 12:59:35.916] [Render thread/INFO] [net.minecraft.client.gui.components.ChatComponent/]: [System] [CHAT] Dev取得了进度[钻石护体]
[236月2026 12:59:35.954] [Render thread/INFO] [net.minecraft.advancements.AdvancementTree/]: Loaded 9 advancements
[236月2026 12:59:43.749] [Server thread/INFO] [net.minecraft.client.server.IntegratedServer/]: Saving and pausing game...
[236月2026 12:59:43.761] [Server thread/INFO] [net.minecraft.server.MinecraftServer/]: Saving chunks for level 'ServerLevel[新的世界]'/minecraft:overworld
[236月2026 12:59:43.766] [Server thread/INFO] [net.minecraft.server.MinecraftServer/]: Saving chunks for level 'ServerLevel[新的世界]'/minecraft:the_end
[236月2026 12:59:43.766] [Server thread/INFO] [net.minecraft.server.MinecraftServer/]: Saving chunks for level 'ServerLevel[新的世界]'/minecraft:the_nether
[236月2026 12:59:56.941] [Server thread/INFO] [net.lyingice.datarecipegenerator.DataRecipeGeneratorMod/]: Recipe generated: .\data_recipe_generator_output\custom\recipes\diamond_helmet_to_turtle_helmet.json
[236月2026 12:59:56.941] [Render thread/INFO] [net.minecraft.client.gui.components.ChatComponent/]: [System] [CHAT] 配方已生成: .\data_recipe_generator_output\custom\recipes\diamond_helmet_to_turtle_helmet.json
